2014/03/10 10:03:42 [error] [php] Undefined variable: targetFile (F:\xampp\htdocs\SE2014-Project_Website\protected\controllers\DocumentController.php:28)
Stack trace:
#0 F:\xampp\htdocs\SE2014-Project_Website\framework\web\actions\CInlineAction.php(49): DocumentController->actionIndex()
#1 F:\xampp\htdocs\SE2014-Project_Website\framework\web\CController.php(308): CInlineAction->runWithParams()
#2 F:\xampp\htdocs\SE2014-Project_Website\framework\web\CController.php(286): DocumentController->runAction()
#3 F:\xampp\htdocs\SE2014-Project_Website\framework\web\CController.php(265): DocumentController->runActionWithFilters()
#4 F:\xampp\htdocs\SE2014-Project_Website\framework\web\CWebApplication.php(282): DocumentController->run()
#5 F:\xampp\htdocs\SE2014-Project_Website\framework\web\CWebApplication.php(141): CWebApplication->runController()
#6 F:\xampp\htdocs\SE2014-Project_Website\framework\base\CApplication.php(180): CWebApplication->processRequest()
#7 F:\xampp\htdocs\SE2014-Project_Website\index.php(13): CWebApplication->run()
REQUEST_URI=/SE2014-Project_Website/index.php/document
in F:\xampp\htdocs\SE2014-Project_Website\protected\controllers\DocumentController.php (28)
in F:\xampp\htdocs\SE2014-Project_Website\protected\controllers\DocumentController.php (10)
in F:\xampp\htdocs\SE2014-Project_Website\protected\controllers\DocumentController.php (6)
2014/03/10 10:04:12 [error] [php] Undefined variable: api_key (F:\xampp\htdocs\SE2014-Project_Website\protected\controllers\DocumentController.php:11)
Stack trace:
#0 F:\xampp\htdocs\SE2014-Project_Website\framework\web\CController.php(308): CInlineAction->runWithParams()
#1 F:\xampp\htdocs\SE2014-Project_Website\framework\web\CController.php(286): DocumentController->runAction()
#2 F:\xampp\htdocs\SE2014-Project_Website\framework\web\CController.php(265): DocumentController->runActionWithFilters()
#3 F:\xampp\htdocs\SE2014-Project_Website\framework\web\CWebApplication.php(282): DocumentController->run()
#4 F:\xampp\htdocs\SE2014-Project_Website\framework\web\CWebApplication.php(141): CWebApplication->runController()
#5 F:\xampp\htdocs\SE2014-Project_Website\framework\base\CApplication.php(180): CWebApplication->processRequest()
#6 F:\xampp\htdocs\SE2014-Project_Website\index.php(13): CWebApplication->run()
REQUEST_URI=/SE2014-Project_Website/index.php/document
in F:\xampp\htdocs\SE2014-Project_Website\protected\controllers\DocumentController.php (11)
in F:\xampp\htdocs\SE2014-Project_Website\protected\controllers\DocumentController.php (6)
in F:\xampp\htdocs\SE2014-Project_Website\index.php (13)
